\BOOKMARK [0][-]{chapter.1}{\376\377\000\332\000v\000o\000d}{}% 1
\BOOKMARK [0][-]{chapter.2}{\376\377\000D\000e\000t\000e\000k\000c\000e\000\040\000o\000b\000l\000i\001\015\000e\000j\000e\000\040\000v\000\040\000r\000e\000\341\000l\000n\000\375\000c\000h\000\040\000p\000o\000d\000m\000\355\000n\000k\000\341\000c\000h}{}% 2
\BOOKMARK [1][-]{section.2.1}{\376\377\000D\000e\000t\000e\000k\000c\000e\000\040\000o\000b\000l\000i\001\015\000e\000j\000e}{chapter.2}% 3
\BOOKMARK [1][-]{section.2.2}{\376\377\000P\000r\000o\000b\000l\000\351\000m\000y\000\040\000a\000\040\000o\000m\000e\000z\000e\000n\000\355}{chapter.2}% 4
\BOOKMARK [1][-]{section.2.3}{\376\377\000A\000l\000g\000o\000r\000i\000t\000m\000y\000\040\000d\000e\000t\000e\000k\000c\000e\000\040\000o\000b\000l\000i\001\015\000e\000j\000e}{chapter.2}% 5
\BOOKMARK [0][-]{chapter.3}{\376\377\000N\000e\000u\000r\000o\000n\000o\000v\000\351\000\040\000s\000\355\000t\001\033\000\040\000p\000r\000o\000\040\000d\000e\000t\000e\000k\000c\000i\000\040\000o\000b\000l\000i\001\015\000e\000j\000e}{}% 6
\BOOKMARK [1][-]{section.3.1}{\376\377\000N\000e\000u\000r\000o\000n\000o\000v\000\351\000\040\000s\000\355\000t\001\033}{chapter.3}% 7
\BOOKMARK [1][-]{section.3.2}{\376\377\000D\000a\000t\000a\000s\000e\000t\000y}{chapter.3}% 8
\BOOKMARK [1][-]{section.3.3}{\376\377\000D\000e\000t\000e\000k\000t\000o\000r\000y\000\040\000o\000b\000l\000i\001\015\000e\000j\000e}{chapter.3}% 9
\BOOKMARK [1][-]{section.3.4}{\376\377\000F\000r\000a\000m\000e\000w\000o\000r\000k\000y\000\040\000p\000r\000o\000\040\000n\000e\000u\000r\000o\000n\000o\000v\000\351\000\040\000s\000\355\000t\001\033}{chapter.3}% 10
\BOOKMARK [0][-]{chapter.4}{\376\377\000S\000y\000s\000t\000\351\000m\000y\000\040\000p\000r\000o\000\040\000d\000e\000t\000e\000k\000c\000i\000\040\000o\000b\000l\000i\001\015\000e\000j\001\157\000\040\000a\000\040\000a\000k\000c\000e\000l\000e\000r\000a\000c\000e\000\040\000d\000e\000t\000e\000k\000c\000e}{}% 11
\BOOKMARK [1][-]{section.4.1}{\376\377\000K\000a\000m\000e\000r\000y}{chapter.4}% 12
\BOOKMARK [1][-]{section.4.2}{\376\377\000D\000o\000s\000t\000u\000p\000n\000\341\000\040\001\131\000e\001\141\000e\000n\000\355}{chapter.4}% 13
\BOOKMARK [1][-]{section.4.3}{\376\377\000A\000k\000c\000e\000l\000e\000r\000a\000c\000e\000\040\000d\000e\000t\000e\000k\001\015\000n\000\355\000c\000h\000\040\000a\000l\000g\000o\000r\000i\000t\000m\001\157}{chapter.4}% 14
\BOOKMARK [0][-]{chapter.5}{\376\377\000N\000\341\000v\000r\000h\000\040\001\131\000e\001\141\000e\000n\000\355}{}% 15
\BOOKMARK [1][-]{section.5.1}{\376\377\000P\000o\000u\001\176\000i\000t\000\351\000\040\000n\000\341\000s\000t\000r\000o\000j\000e}{chapter.5}% 16
\BOOKMARK [1][-]{section.5.2}{\376\377\000D\000a\000t\000a}{chapter.5}% 17
\BOOKMARK [1][-]{section.5.3}{\376\377\000D\000e\000t\000e\000k\001\015\000n\000\355\000\040\000n\000e\000u\000r\000o\000n\000o\000v\000\341\000\040\000s\000\355\001\145}{chapter.5}% 18
\BOOKMARK [1][-]{section.5.4}{\376\377\000U\001\176\000i\000v\000a\000t\000e\000l\000s\000k\000\351\000\040\000r\000o\000z\000h\000r\000a\000n\000\355}{chapter.5}% 19
\BOOKMARK [0][-]{chapter.6}{\376\377\000I\000m\000p\000l\000e\000m\000e\000n\000t\000a\000c\000e}{}% 20
\BOOKMARK [1][-]{section.6.1}{\376\377\000P\001\131\000\355\000p\000r\000a\000v\000a\000\040\000d\000a\000t}{chapter.6}% 21
\BOOKMARK [1][-]{section.6.2}{\376\377\000D\000e\000t\000e\000k\000t\000o\000r\000\040\000o\000b\000l\000i\001\015\000e\000j\001\157}{chapter.6}% 22
\BOOKMARK [1][-]{section.6.3}{\376\377\000T\000r\000\351\000n\000o\000v\000\341\000n\000\355}{chapter.6}% 23
\BOOKMARK [1][-]{section.6.4}{\376\377\000A\000k\000c\000e\000l\000e\000r\000a\000c\000e\000\040\000d\000e\000t\000e\000k\000c\000e}{chapter.6}% 24
\BOOKMARK [1][-]{section.6.5}{\376\377\000G\000r\000a\000f\000i\000c\000k\000\351\000\040\000u\001\176\000i\000v\000a\000t\000e\000l\000s\000k\000\351\000\040\000r\000o\000z\000h\000r\000a\000n\000\355}{chapter.6}% 25
\BOOKMARK [1][-]{section.6.6}{\376\377\000N\000\341\000s\000t\000r\000o\000j\000e\000\040\000p\000r\000o\000\040\000e\000x\000p\000e\000r\000i\000m\000e\000n\000t\000y}{chapter.6}% 26
\BOOKMARK [0][-]{chapter.7}{\376\377\000E\000x\000p\000e\000r\000i\000m\000e\000n\000t\000y}{}% 27
\BOOKMARK [1][-]{section.7.1}{\376\377\000P\000o\000d\000k\000l\000a\000d\000y}{chapter.7}% 28
\BOOKMARK [1][-]{section.7.2}{\376\377\000P\000o\000r\000o\000v\000n\000\341\000n\000\355\000\040\000a\000k\000c\000e\000l\000e\000r\000o\000v\000a\000n\000\351\000h\000o\000\040\000a\000\040\000n\000o\000r\000m\000\341\000l\000n\000\355\000h\000o\000\040\001\131\000e\001\141\000e\000n\000\355}{chapter.7}% 29
\BOOKMARK [1][-]{section.7.3}{\376\377\000D\000e\000t\000e\000k\000c\000e\000\040\000s\000\040\000a\000\040\000b\000e\000z\000\040\000M\000i\000r\000n\000e\000t\000u}{chapter.7}% 30
\BOOKMARK [1][-]{section.7.4}{\376\377\000P\000o\000r\000o\000v\000n\000\341\000n\000\355\000\040\000s\000\040\000Y\000O\000L\000O\000F\000a\000c\000e\000v\0007}{chapter.7}% 31
\BOOKMARK [1][-]{section.7.5}{\376\377\000P\000o\000r\000o\000v\000n\000\341\000n\000\355\000\040\000s\000\040\000V\000i\000o\000l\000a\040\023\000J\000o\000n\000e\000s}{chapter.7}% 32
\BOOKMARK [1][-]{section.7.6}{\376\377\000P\000o\000r\000o\000v\000n\000\341\000n\000\355\000\040\000s\000\040\000M\000T\000C\000N\000N}{chapter.7}% 33
\BOOKMARK [0][-]{chapter.8}{\376\377\000Z\000\341\000v\001\033\000r}{}% 34
