This is pdfTeX, Version 3.141592653-2.6-1.40.24 (MiKTeX 22.8.28) (preloaded format=pdflatex 2022.10.8)  25 MAR 2023 22:07
entering extended mode
 restricted \write18 enabled.
 file:line:error style messages enabled.
 %&-line parsing enabled.
**c:/VUTFIT/BP/text/projekt.tex
(c:/VUTFIT/BP/text/projekt.tex
LaTeX2e <2022-06-01> patch level 5
L3 programming layer <2022-09-28> (fitthesis.cls
Document Class: fitthesis 2017/11/07 Sablona pro BP/DP
(C:\Users\vojta\AppData\Local\Programs\MiKTeX\tex/latex/base\report.cls
Document Class: report 2021/10/04 v1.4n Standard LaTeX document class
(C:\Users\vojta\AppData\Local\Programs\MiKTeX\tex/latex/base\size11.clo
File: size11.clo 2021/10/04 v1.4n Standard LaTeX file (size option)
)
\c@part=\count185
\c@chapter=\count186
\c@section=\count187
\c@subsection=\count188
\c@subsubsection=\count189
\c@paragraph=\count190
\c@subparagraph=\count191
\c@figure=\count192
\c@table=\count193
\abovecaptionskip=\skip47
\belowcaptionskip=\skip48
\bibindent=\dimen138
) (C:\Users\vojta\AppData\Local\Programs\MiKTeX\tex/latex/amsmath\amsmath.sty
Package: amsmath 2022/04/08 v2.17n AMS math features
\@mathmargin=\skip49

For additional information on amsmath, use the `?' option.
(C:\Users\vojta\AppData\Local\Programs\MiKTeX\tex/latex/amsmath\amstext.sty
Package: amstext 2021/08/26 v2.01 AMS text
 (C:\Users\vojta\AppData\Local\Programs\MiKTeX\tex/latex/amsmath\amsgen.sty
File: amsgen.sty 1999/11/30 v2.0 generic functions
\@emptytoks=\toks16
\ex@=\dimen139
)) (C:\Users\vojta\AppData\Local\Programs\MiKTeX\tex/latex/amsmath\amsbsy.sty
Package: amsbsy 1999/11/29 v1.2d Bold Symbols
\pmbraise@=\dimen140
) (C:\Users\vojta\AppData\Local\Programs\MiKTeX\tex/latex/amsmath\amsopn.sty
Package: amsopn 2022/04/08 v2.04 operator names
)
\inf@bad=\count194
LaTeX Info: Redefining \frac on input line 234.
\uproot@=\count195
\leftroot@=\count196
LaTeX Info: Redefining \overline on input line 399.
LaTeX Info: Redefining \colon on input line 410.
\classnum@=\count197
\DOTSCASE@=\count198
LaTeX Info: Redefining \ldots on input line 496.
LaTeX Info: Redefining \dots on input line 499.
LaTeX Info: Redefining \cdots on input line 620.
\Mathstrutbox@=\box51
\strutbox@=\box52
LaTeX Info: Redefining \big on input line 722.
LaTeX Info: Redefining \Big on input line 723.
LaTeX Info: Redefining \bigg on input line 724.
LaTeX Info: Redefining \Bigg on input line 725.
\big@size=\dimen141
LaTeX Font Info:    Redeclaring font encoding OML on input line 743.
LaTeX Font Info:    Redeclaring font encoding OMS on input line 744.
\macc@depth=\count199
LaTeX Info: Redefining \bmod on input line 905.
LaTeX Info: Redefining \pmod on input line 910.
LaTeX Info: Redefining \smash on input line 940.
LaTeX Info: Redefining \relbar on input line 970.
LaTeX Info: Redefining \Relbar on input line 971.
\c@MaxMatrixCols=\count266
\dotsspace@=\muskip16
\c@parentequation=\count267
\dspbrk@lvl=\count268
\tag@help=\toks17
\row@=\count269
\column@=\count270
\maxfields@=\count271
\andhelp@=\toks18
\eqnshift@=\dimen142
\alignsep@=\dimen143
\tagshift@=\dimen144
\tagwidth@=\dimen145
\totwidth@=\dimen146
\lineht@=\dimen147
\@envbody=\toks19
\multlinegap=\skip50
\multlinetaggap=\skip51
\mathdisplay@stack=\toks20
LaTeX Info: Redefining \[ on input line 2953.
LaTeX Info: Redefining \] on input line 2954.
) (C:\Users\vojta\AppData\Local\Programs\MiKTeX\tex/latex/amsfonts\amssymb.sty
Package: amssymb 2013/01/14 v3.01 AMS font symbols
 (C:\Users\vojta\AppData\Local\Programs\MiKTeX\tex/latex/amsfonts\amsfonts.sty
Package: amsfonts 2013/01/14 v3.01 Basic AMSFonts support
\symAMSa=\mathgroup4
\symAMSb=\mathgroup5
LaTeX Font Info:    Redeclaring math symbol \hbar on input line 98.
LaTeX Font Info:    Overwriting math alphabet `\mathfrak' in version `bold'
(Font)                  U/euf/m/n --> U/euf/b/n on input line 106.
)) (C:\Users\vojta\AppData\Local\Programs\MiKTeX\tex/generic/babel\babel.sty
Package: babel 2022/10/04 3.81 The Babel package
\babel@savecnt=\count272
\U@D=\dimen148
\l@unhyphenated=\language79
 (C:\Users\vojta\AppData\Local\Programs\MiKTeX\tex/generic/babel\txtbabel.def)
\bbl@readstream=\read2
\bbl@dirlevel=\count273

*************************************
* Local config file bblopts.cfg used
*
(C:\Users\vojta\AppData\Local\Programs\MiKTeX\tex/latex/arabi\bblopts.cfg
File: bblopts.cfg 2005/09/08 v0.1 add Arabic and Farsi to "declared" options of babel
) (C:\Users\vojta\AppData\Local\Programs\MiKTeX\tex/latex/babel-czech\czech.ldf
Language: czech 2008/07/06 v3.1a Czech support from the babel system
Package babel Info: Making " an active character on input line 172.
\cs@wordlen=\count274
Package babel Info: Making - an active character on input line 226.
) (C:\Users\vojta\AppData\Local\Programs\MiKTeX\tex/latex/babel-slovak\slovak.ldf
Language: slovak 2008/07/06 v3.1a Slovak support from the babel system
Package babel Info: Making ^ an active character on input line 123.
Package babel Info: Making ' an active character on input line 129.
LaTeX Info: Redefining \uv on input line 278.
\cs@wordlen=\count275
) (C:\Users\vojta\AppData\Local\Programs\MiKTeX\tex/latex/babel-english\english.ldf
Language: english 2017/06/06 v3.3r English support from the babel system
Package babel Info: Hyphen rules for 'canadian' set to \l@english
(babel)             (\language0). Reported on input line 102.
Package babel Info: Hyphen rules for 'australian' set to \l@ukenglish
(babel)             (\language73). Reported on input line 105.
Package babel Info: Hyphen rules for 'newzealand' set to \l@ukenglish
(babel)             (\language73). Reported on input line 108.
)) (C:\Users\vojta\AppData\Local\Programs\MiKTeX\tex/generic/babel/locale/en\babel-english.tex
Package babel Info: Importing font and identification data for english
(babel)             from babel-en.ini. Reported on input line 11.
) (C:\Users\vojta\AppData\Local\Programs\MiKTeX\tex/generic/babel/locale/sk\babel-slovak.tex
Package babel Info: Importing font and identification data for slovak
(babel)             from babel-sk.ini. Reported on input line 11.
) (C:\Users\vojta\AppData\Local\Programs\MiKTeX\tex/generic/babel/locale/cs\babel-czech.tex
Package babel Info: Importing font and identification data for czech
(babel)             from babel-cs.ini. Reported on input line 11.
) (C:\Users\vojta\AppData\Local\Programs\MiKTeX\tex/latex/base\inputenc.sty
Package: inputenc 2021/02/14 v1.3d Input encoding file
\inpenc@prehook=\toks21
\inpenc@posthook=\toks22
) (C:\Users\vojta\AppData\Local\Programs\MiKTeX\tex/latex/cmap\cmap.sty
Package: cmap 2021/02/06 v1.0j CMap support: searchable PDF
) (C:\Users\vojta\AppData\Local\Programs\MiKTeX\tex/latex/base\fontenc.sty
Package: fontenc 2021/04/29 v2.0v Standard LaTeX package
<<t1.cmap>>) (C:\Users\vojta\AppData\Local\Programs\MiKTeX\tex/latex/url\url.sty
\Urlmuskip=\muskip17
Package: url 2013/09/16  ver 3.4  Verb mode for urls, etc.
) (C:\Users\vojta\AppData\Local\Programs\MiKTeX\tex/latex/ragged2e\ragged2e.sty
Package: ragged2e 2021/12/15 v3.1 ragged2e Package
\CenteringLeftskip=\skip52
\RaggedLeftLeftskip=\skip53
\RaggedRightLeftskip=\skip54
\CenteringRightskip=\skip55
\RaggedLeftRightskip=\skip56
\RaggedRightRightskip=\skip57
\CenteringParfillskip=\skip58
\RaggedLeftParfillskip=\skip59
\RaggedRightParfillskip=\skip60
\JustifyingParfillskip=\skip61
\CenteringParindent=\skip62
\RaggedLeftParindent=\skip63
\RaggedRightParindent=\skip64
\JustifyingParindent=\skip65
) (C:\Users\vojta\AppData\Local\Programs\MiKTeX\tex/latex/graphics\color.sty
Package: color 2022/01/06 v1.3d Standard LaTeX Color (DPC)
 (C:\Users\vojta\AppData\Local\Programs\MiKTeX\tex/latex/graphics-cfg\color.cfg
File: color.cfg 2016/01/02 v1.6 sample color configuration
)
Package color Info: Driver file: pdftex.def on input line 149.
 (C:\Users\vojta\AppData\Local\Programs\MiKTeX\tex/latex/graphics-def\pdftex.def
File: pdftex.def 2022/09/22 v1.2b Graphics/color driver for pdftex
\stockwidth=\dimen149
\stockheight=\dimen150
) (C:\Users\vojta\AppData\Local\Programs\MiKTeX\tex/latex/graphics\mathcolor.ltx)) (C:\Users\vojta\AppData\Local\Programs\MiKTeX\tex/latex/etoolbox\etoolbox.sty
Package: etoolbox 2020/10/05 v2.5k e-TeX tools for LaTeX (JAW)
\etb@tempcnta=\count276
) (C:\Users\vojta\AppData\Local\Programs\MiKTeX\tex/latex/enumitem\enumitem.sty
Package: enumitem 2019/06/20 v3.9 Customized lists
\enitkv@toks@=\toks23
\labelindent=\skip66
\enit@outerparindent=\dimen151
\enit@toks=\toks24
\enit@inbox=\box53
\enit@count@id=\count277
\enitdp@description=\count278
) (C:\Users\vojta\AppData\Local\Programs\MiKTeX\tex/latex/graphics\graphicx.sty
Package: graphicx 2021/09/16 v1.2d Enhanced LaTeX Graphics (DPC,SPQR)
 (C:\Users\vojta\AppData\Local\Programs\MiKTeX\tex/latex/graphics\keyval.sty
Package: keyval 2022/05/29 v1.15 key=value parser (DPC)
\KV@toks@=\toks25
) (C:\Users\vojta\AppData\Local\Programs\MiKTeX\tex/latex/graphics\graphics.sty
Package: graphics 2022/03/10 v1.4e Standard LaTeX Graphics (DPC,SPQR)
 (C:\Users\vojta\AppData\Local\Programs\MiKTeX\tex/latex/graphics\trig.sty
Package: trig 2021/08/11 v1.11 sin cos tan (DPC)
) (C:\Users\vojta\AppData\Local\Programs\MiKTeX\tex/latex/graphics-cfg\graphics.cfg
File: graphics.cfg 2016/06/04 v1.11 sample graphics configuration
)
Package graphics Info: Driver file: pdftex.def on input line 107.
)
\Gin@req@height=\dimen152
\Gin@req@width=\dimen153
)
\mkspc=\skip67
\DESCRIPTION@totalleftmargin=\skip68
\DESCRIPTION@linewidth=\skip69
 (C:\Users\vojta\AppData\Local\Programs\MiKTeX\tex/latex/opensans\opensans.sty
Package: opensans 2019/06/20 Style file for Open Sans.
 (C:\Users\vojta\AppData\Local\Programs\MiKTeX\tex/latex/fontaxes\fontaxes.sty
Package: fontaxes 2020/07/21 v1.0e Font selection axes
LaTeX Info: Redefining \upshape on input line 29.
LaTeX Info: Redefining \itshape on input line 31.
LaTeX Info: Redefining \slshape on input line 33.
LaTeX Info: Redefining \swshape on input line 35.
LaTeX Info: Redefining \scshape on input line 37.
LaTeX Info: Redefining \sscshape on input line 39.
LaTeX Info: Redefining \ulcshape on input line 41.
LaTeX Info: Redefining \textsw on input line 47.
LaTeX Info: Redefining \textssc on input line 48.
LaTeX Info: Redefining \textulc on input line 49.
) (C:\Users\vojta\AppData\Local\Programs\MiKTeX\tex/generic/iftex\ifluatex.sty
Package: ifluatex 2019/10/25 v1.5 ifluatex legacy package. Use iftex instead.
 (C:\Users\vojta\AppData\Local\Programs\MiKTeX\tex/generic/iftex\iftex.sty
Package: iftex 2022/02/03 v1.0f TeX engine tests
)) (C:\Users\vojta\AppData\Local\Programs\MiKTeX\tex/generic/iftex\ifxetex.sty
Package: ifxetex 2019/10/25 v0.7 ifxetex legacy package. Use iftex instead.
) (C:\Users\vojta\AppData\Local\Programs\MiKTeX\tex/latex/xkeyval\xkeyval.sty
Package: xkeyval 2022/06/16 v2.9 package option processing (HA)
 (C:\Users\vojta\AppData\Local\Programs\MiKTeX\tex/generic/xkeyval\xkeyval.tex (C:\Users\vojta\AppData\Local\Programs\MiKTeX\tex/generic/xkeyval\xkvutils.tex
\XKV@toks=\toks26
\XKV@tempa@toks=\toks27
)
\XKV@depth=\count279
File: xkeyval.tex 2014/12/03 v2.7a key=value parser (HA)
))) (C:\Users\vojta\AppData\Local\Programs\MiKTeX\tex/latex/float\float.sty
Package: float 2001/11/08 v1.3d Float enhancements (AL)
\c@float@type=\count280
\float@exts=\toks28
\float@box=\box54
\@float@everytoks=\toks29
\@floatcapt=\box55
) (C:\Users\vojta\AppData\Local\Programs\MiKTeX\tex/latex/tools\calc.sty
Package: calc 2017/05/25 v4.3 Infix arithmetic (KKT,FJ)
\calc@Acount=\count281
\calc@Bcount=\count282
\calc@Adimen=\dimen154
\calc@Bdimen=\dimen155
\calc@Askip=\skip70
\calc@Bskip=\skip71
LaTeX Info: Redefining \setlength on input line 80.
LaTeX Info: Redefining \addtolength on input line 81.
\calc@Ccount=\count283
\calc@Cskip=\skip72
) (C:\Users\vojta\AppData\Local\Programs\MiKTeX\tex/latex/tools\longtable.sty
Package: longtable 2021-09-01 v4.17 Multi-page Table package (DPC)
\LTleft=\skip73
\LTright=\skip74
\LTpre=\skip75
\LTpost=\skip76
\LTchunksize=\count284
\LTcapwidth=\dimen156
\LT@head=\box56
\LT@firsthead=\box57
\LT@foot=\box58
\LT@lastfoot=\box59
\LT@gbox=\box60
\LT@cols=\count285
\LT@rows=\count286
\c@LT@tables=\count287
\c@LT@chunks=\count288
\LT@p@ftn=\toks30
) (C:\Users\vojta\AppData\Local\Programs\MiKTeX\tex/latex/booktabs\booktabs.sty
Package: booktabs 2020/01/12 v1.61803398 Publication quality tables
\heavyrulewidth=\dimen157
\lightrulewidth=\dimen158
\cmidrulewidth=\dimen159
\belowrulesep=\dimen160
\belowbottomsep=\dimen161
\aboverulesep=\dimen162
\abovetopsep=\dimen163
\cmidrulesep=\dimen164
\cmidrulekern=\dimen165
\defaultaddspace=\dimen166
\@cmidla=\count289
\@cmidlb=\count290
\@aboverulesep=\dimen167
\@belowrulesep=\dimen168
\@thisruleclass=\count291
\@lastruleclass=\count292
\@thisrulewidth=\dimen169
) (C:\Users\vojta\AppData\Local\Programs\MiKTeX\tex/latex/xcolor\xcolor.sty
Package: xcolor 2022/06/12 v2.14 LaTeX color extensions (UK)
 (C:\Users\vojta\AppData\Local\Programs\MiKTeX\tex/latex/graphics-cfg\color.cfg
File: color.cfg 2016/01/02 v1.6 sample color configuration
)
Package xcolor Info: Driver file: pdftex.def on input line 227.
LaTeX Info: Redefining \color on input line 711.
 (C:\Users\vojta\AppData\Local\Programs\MiKTeX\tex/latex/graphics\mathcolor.ltx)
Package xcolor Info: Model `cmy' substituted by `cmy0' on input line 1353.
Package xcolor Info: Model `hsb' substituted by `rgb' on input line 1357.
Package xcolor Info: Model `RGB' extended on input line 1369.
Package xcolor Info: Model `HTML' substituted by `rgb' on input line 1371.
Package xcolor Info: Model `Hsb' substituted by `hsb' on input line 1372.
Package xcolor Info: Model `tHsb' substituted by `hsb' on input line 1373.
Package xcolor Info: Model `HSB' substituted by `hsb' on input line 1374.
Package xcolor Info: Model `Gray' substituted by `gray' on input line 1375.
Package xcolor Info: Model `wave' substituted by `hsb' on input line 1376.
) (C:\Users\vojta\AppData\Local\Programs\MiKTeX\tex/latex/colortbl\colortbl.sty
Package: colortbl 2022/06/20 v1.0f Color table columns (DPC)
 (C:\Users\vojta\AppData\Local\Programs\MiKTeX\tex/latex/tools\array.sty
Package: array 2022/03/10 v2.5f Tabular extension package (FMi)
\col@sep=\dimen170
\ar@mcellbox=\box61
\extrarowheight=\dimen171
\NC@list=\toks31
\extratabsurround=\skip77
\backup@length=\skip78
\ar@cellbox=\box62
)
\everycr=\toks32
\minrowclearance=\skip79
\rownum=\count293
) (C:\Users\vojta\AppData\Local\Programs\MiKTeX\tex/latex/multirow\multirow.sty
Package: multirow 2021/03/15 v2.8 Span multiple rows of a table
\multirow@colwidth=\skip80
\multirow@cntb=\count294
\multirow@dima=\skip81
\bigstrutjot=\dimen172
) (C:\Users\vojta\AppData\Local\Programs\MiKTeX\tex/latex/tools\tabularx.sty
Package: tabularx 2020/01/15 v2.11c `tabularx' package (DPC)
\TX@col@width=\dimen173
\TX@old@table=\dimen174
\TX@old@col=\dimen175
\TX@target=\dimen176
\TX@delta=\dimen177
\TX@cols=\count295
\TX@ftn=\toks33
) (C:\Users\vojta\AppData\Local\Programs\MiKTeX\tex/latex/blindtext\blindtext.sty
Package: blindtext 2012/01/06 V2.0 blindtext-Package
 (C:\Users\vojta\AppData\Local\Programs\MiKTeX\tex/latex/tools\xspace.sty
Package: xspace 2014/10/28 v1.13 Space after command names (DPC,MH)
)
\c@blindtext=\count296
\c@Blindtext=\count297
\c@blind@countparstart=\count298
\blind@countxx=\count299
\blindtext@numBlindtext=\count300
\blind@countyy=\count301
\c@blindlist=\count302
\c@blindlistlevel=\count303
\c@blindlist@level=\count304
\blind@listitem=\count305
\c@blind@listcount=\count306
\c@blind@levelcount=\count307
\blind@mathformula=\count308
\blind@Mathformula=\count309
\c@blind@randomcount=\count310
\c@blind@randommax=\count311
\c@blind@pangramcount=\count312
\c@blind@pangrammax=\count313
) (C:\Users\vojta\AppData\Local\Programs\MiKTeX\tex/latex/listings\listings.sty
\lst@mode=\count314
\lst@gtempboxa=\box63
\lst@token=\toks34
\lst@length=\count315
\lst@currlwidth=\dimen178
\lst@column=\count316
\lst@pos=\count317
\lst@lostspace=\dimen179
\lst@width=\dimen180
\lst@newlines=\count318
\lst@lineno=\count319
\lst@maxwidth=\dimen181
 (C:\Users\vojta\AppData\Local\Programs\MiKTeX\tex/latex/listings\lstmisc.sty
File: lstmisc.sty 2020/03/24 1.8d (Carsten Heinz)
\c@lstnumber=\count320
\lst@skipnumbers=\count321
\lst@framebox=\box64
) (C:\Users\vojta\AppData\Local\Programs\MiKTeX\tex/latex/listings\listings.cfg
File: listings.cfg 2020/03/24 1.8d listings configuration
))
Package: listings 2020/03/24 1.8d (Carsten Heinz)
 (C:\Users\vojta\AppData\Local\Programs\MiKTeX\tex/latex/appendix\appendix.sty
Package: appendix 2020/02/08 v1.2c extra appendix facilities
\c@@pps=\count322
\c@@ppsavesec=\count323
\c@@ppsaveapp=\count324
) (C:\Users\vojta\AppData\Local\Programs\MiKTeX\tex/latex/titlesec\titletoc.sty
Package: titletoc 2021/07/05 v2.14 TOC entries
\ttl@leftsep=\dimen182
) (C:\Users\vojta\AppData\Local\Programs\MiKTeX\tex/latex/ae\ae.sty
Package: ae 2001/02/12 1.3 Almost European Computer Modern
 (C:\Users\vojta\AppData\Local\Programs\MiKTeX\tex/latex/base\fontenc.sty
Package: fontenc 2021/04/29 v2.0v Standard LaTeX package
)) (C:\Users\vojta\AppData\Local\Programs\MiKTeX\tex/latex/regexpatch\regexpatch.sty (C:\Users\vojta\AppData\Local\Programs\MiKTeX\tex/latex/l3kernel\expl3.sty
Package: expl3 2022-09-28 L3 programming layer (loader) 
 (C:\Users\vojta\AppData\Local\Programs\MiKTeX\tex/latex/l3backend\l3backend-pdftex.def
File: l3backend-pdftex.def 2022-09-28 L3 backend support: PDF output (pdfTeX)
\l__color_backend_stack_int=\count325
\l__pdf_internal_box=\box65
))
Package: regexpatch 2021/03/21 v0.2f Extending etoolbox patching commands
 (C:\Users\vojta\AppData\Local\Programs\MiKTeX\tex/latex/l3packages/xparse\xparse.sty
Package: xparse 2022-06-22 L3 Experimental document command parser
))) (C:\Users\vojta\AppData\Local\Programs\MiKTeX\tex/latex/hyperref\hyperref.sty
Package: hyperref 2022-09-22 v7.00t Hypertext links for LaTeX
 (C:\Users\vojta\AppData\Local\Programs\MiKTeX\tex/generic/ltxcmds\ltxcmds.sty
Package: ltxcmds 2020-05-10 v1.25 LaTeX kernel commands for general use (HO)
) (C:\Users\vojta\AppData\Local\Programs\MiKTeX\tex/generic/pdftexcmds\pdftexcmds.sty
Package: pdftexcmds 2020-06-27 v0.33 Utility functions of pdfTeX for LuaTeX (HO)
 (C:\Users\vojta\AppData\Local\Programs\MiKTeX\tex/generic/infwarerr\infwarerr.sty
Package: infwarerr 2019/12/03 v1.5 Providing info/warning/error messages (HO)
)
Package pdftexcmds Info: \pdf@primitive is available.
Package pdftexcmds Info: \pdf@ifprimitive is available.
Package pdftexcmds Info: \pdfdraftmode found.
) (C:\Users\vojta\AppData\Local\Programs\MiKTeX\tex/latex/kvsetkeys\kvsetkeys.sty
Package: kvsetkeys 2022-10-05 v1.19 Key value parser (HO)
) (C:\Users\vojta\AppData\Local\Programs\MiKTeX\tex/generic/kvdefinekeys\kvdefinekeys.sty
Package: kvdefinekeys 2019-12-19 v1.6 Define keys (HO)
) (C:\Users\vojta\AppData\Local\Programs\MiKTeX\tex/generic/pdfescape\pdfescape.sty
Package: pdfescape 2019/12/09 v1.15 Implements pdfTeX's escape features (HO)
) (C:\Users\vojta\AppData\Local\Programs\MiKTeX\tex/latex/hycolor\hycolor.sty
Package: hycolor 2020-01-27 v1.10 Color options for hyperref/bookmark (HO)
) (C:\Users\vojta\AppData\Local\Programs\MiKTeX\tex/latex/letltxmacro\letltxmacro.sty
Package: letltxmacro 2019/12/03 v1.6 Let assignment for LaTeX macros (HO)
) (C:\Users\vojta\AppData\Local\Programs\MiKTeX\tex/latex/auxhook\auxhook.sty
Package: auxhook 2019-12-17 v1.6 Hooks for auxiliary files (HO)
) (C:\Users\vojta\AppData\Local\Programs\MiKTeX\tex/latex/hyperref\nameref.sty
Package: nameref 2022-05-17 v2.50 Cross-referencing by name of section
 (C:\Users\vojta\AppData\Local\Programs\MiKTeX\tex/latex/refcount\refcount.sty
Package: refcount 2019/12/15 v3.6 Data extraction from label references (HO)
) (C:\Users\vojta\AppData\Local\Programs\MiKTeX\tex/generic/gettitlestring\gettitlestring.sty
Package: gettitlestring 2019/12/15 v1.6 Cleanup title references (HO)
 (C:\Users\vojta\AppData\Local\Programs\MiKTeX\tex/latex/kvoptions\kvoptions.sty
Package: kvoptions 2022-06-15 v3.15 Key value format for package options (HO)
))
\c@section@level=\count326
)
\@linkdim=\dimen183
\Hy@linkcounter=\count327
\Hy@pagecounter=\count328
 (C:\Users\vojta\AppData\Local\Programs\MiKTeX\tex/latex/hyperref\pd1enc.def
File: pd1enc.def 2022-09-22 v7.00t Hyperref: PDFDocEncoding definition (HO)
Now handling font encoding PD1 ...
... no UTF-8 mapping file for font encoding PD1
) (C:\Users\vojta\AppData\Local\Programs\MiKTeX\tex/generic/intcalc\intcalc.sty
Package: intcalc 2019/12/15 v1.3 Expandable calculations with integers (HO)
) (C:\Users\vojta\AppData\Local\Programs\MiKTeX\tex/generic/etexcmds\etexcmds.sty
Package: etexcmds 2019/12/15 v1.7 Avoid name clashes with e-TeX commands (HO)
)
\Hy@SavedSpaceFactor=\count329
 (C:\Users\vojta\AppData\Local\Programs\MiKTeX\tex/latex/hyperref\puenc.def
File: puenc.def 2022-09-22 v7.00t Hyperref: PDF Unicode definition (HO)
Now handling font encoding PU ...
... no UTF-8 mapping file for font encoding PU
)
Package hyperref Info: Option `unicode' set `true' on input line 4045.
Package hyperref Info: Option `colorlinks' set `true' on input line 4045.
Package hyperref Info: Option `hyperindex' set `true' on input line 4045.
Package hyperref Info: Option `plainpages' set `false' on input line 4045.
Package hyperref Info: Hyper figures OFF on input line 4162.
Package hyperref Info: Link nesting OFF on input line 4167.
Package hyperref Info: Hyper index ON on input line 4170.
Package hyperref Info: Plain pages OFF on input line 4177.
Package hyperref Info: Backreferencing OFF on input line 4182.
Package hyperref Info: Implicit mode ON; LaTeX internals redefined.
Package hyperref Info: Bookmarks ON on input line 4410.
\c@Hy@tempcnt=\count330
LaTeX Info: Redefining \url on input line 4748.
\XeTeXLinkMargin=\dimen184
 (C:\Users\vojta\AppData\Local\Programs\MiKTeX\tex/generic/bitset\bitset.sty
Package: bitset 2019/12/09 v1.3 Handle bit-vector datatype (HO)
 (C:\Users\vojta\AppData\Local\Programs\MiKTeX\tex/generic/bigintcalc\bigintcalc.sty
Package: bigintcalc 2019/12/15 v1.5 Expandable calculations on big integers (HO)
))
\Fld@menulength=\count331
\Field@Width=\dimen185
\Fld@charsize=\dimen186
Package hyperref Info: Hyper figures OFF on input line 6027.
Package hyperref Info: Link nesting OFF on input line 6032.
Package hyperref Info: Hyper index ON on input line 6035.
Package hyperref Info: backreferencing OFF on input line 6042.
Package hyperref Info: Link coloring ON on input line 6045.
Package hyperref Info: Link coloring with OCG OFF on input line 6052.
Package hyperref Info: PDF/A mode OFF on input line 6057.
 (C:\Users\vojta\AppData\Local\Programs\MiKTeX\tex/latex/base\atbegshi-ltx.sty
Package: atbegshi-ltx 2021/01/10 v1.0c Emulation of the original atbegshi
package with kernel methods
)
\Hy@abspage=\count332
\c@Item=\count333
\c@Hfootnote=\count334
)
Package hyperref Info: Driver: hpdftex.
 (C:\Users\vojta\AppData\Local\Programs\MiKTeX\tex/latex/hyperref\hpdftex.def
File: hpdftex.def 2022-09-22 v7.00t Hyperref driver for pdfTeX
 (C:\Users\vojta\AppData\Local\Programs\MiKTeX\tex/latex/base\atveryend-ltx.sty
Package: atveryend-ltx 2020/08/19 v1.0a Emulation of the original atveryend package
with kernel methods
)
\Fld@listcount=\count335
\c@bookmark@seq@number=\count336
 (C:\Users\vojta\AppData\Local\Programs\MiKTeX\tex/latex/rerunfilecheck\rerunfilecheck.sty
Package: rerunfilecheck 2022-07-10 v1.10 Rerun checks for auxiliary files (HO)
 (C:\Users\vojta\AppData\Local\Programs\MiKTeX\tex/generic/uniquecounter\uniquecounter.sty
Package: uniquecounter 2019/12/15 v1.4 Provide unlimited unique counter (HO)
)
Package uniquecounter Info: New unique counter `rerunfilecheck' on input line 285.
)
\Hy@SectionHShift=\skip82
) (C:\Users\vojta\AppData\Local\Programs\MiKTeX\tex/latex/oberdiek\hypcap.sty
Package: hypcap 2016/05/16 v1.12 Adjusting the anchors of captions (HO)
)
\enitdp@checklist=\count337
LaTeX Font Info:    Trying to load font information for T1+lmr on input line 200.
 (C:\Users\vojta\AppData\Local\Programs\MiKTeX\tex/latex/lm\t1lmr.fd
File: t1lmr.fd 2015/05/01 v1.6.1 Font defs for Latin Modern
) (projekt.aux)
\openout1 = `projekt.aux'.

LaTeX Font Info:    Checking defaults for OML/cmm/m/it on input line 200.
LaTeX Font Info:    ... okay on input line 200.
LaTeX Font Info:    Checking defaults for OMS/cmsy/m/n on input line 200.
LaTeX Font Info:    ... okay on input line 200.
LaTeX Font Info:    Checking defaults for OT1/cmr/m/n on input line 200.
LaTeX Font Info:    ... okay on input line 200.
LaTeX Font Info:    Checking defaults for T1/cmr/m/n on input line 200.
LaTeX Font Info:    ... okay on input line 200.
LaTeX Font Info:    Checking defaults for TS1/cmr/m/n on input line 200.
LaTeX Font Info:    ... okay on input line 200.
LaTeX Font Info:    Checking defaults for OMX/cmex/m/n on input line 200.
LaTeX Font Info:    ... okay on input line 200.
LaTeX Font Info:    Checking defaults for U/cmr/m/n on input line 200.
LaTeX Font Info:    ... okay on input line 200.
LaTeX Font Info:    Checking defaults for PD1/pdf/m/n on input line 200.
LaTeX Font Info:    ... okay on input line 200.
LaTeX Font Info:    Checking defaults for PU/pdf/m/n on input line 200.
LaTeX Font Info:    ... okay on input line 200.
 (C:\Users\vojta\AppData\Local\Programs\MiKTeX\tex/context/base/mkii\supp-pdf.mkii
[Loading MPS to PDF converter (version 2006.09.02).]
\scratchcounter=\count338
\scratchdimen=\dimen187
\scratchbox=\box66
\nofMPsegments=\count339
\nofMParguments=\count340
\everyMPshowfont=\toks35
\MPscratchCnt=\count341
\MPscratchDim=\dimen188
\MPnumerator=\count342
\makeMPintoPDFobject=\count343
\everyMPtoPDFconversion=\toks36
) (C:\Users\vojta\AppData\Local\Programs\MiKTeX\tex/latex/epstopdf-pkg\epstopdf-base.sty
Package: epstopdf-base 2020-01-24 v2.11 Base part for package epstopdf
 (C:\Users\vojta\AppData\Local\Programs\MiKTeX\tex/latex/grfext\grfext.sty
Package: grfext 2019/12/03 v1.3 Manage graphics extensions (HO)
)
Package epstopdf-base Info: Redefining graphics rule for `.eps' on input line 485.
Package grfext Info: Graphics extension search list:
(grfext)             [.pdf,.png,.jpg,.mps,.jpeg,.jbig2,.jb2,.PDF,.PNG,.JPG,.JPEG,.JBIG2,.JB2,.eps]
(grfext)             \AppendGraphicsExtensions on input line 504.
 (C:\Users\vojta\AppData\Local\Programs\MiKTeX\tex/latex/00miktex\epstopdf-sys.cfg
File: epstopdf-sys.cfg 2021/03/18 v2.0 Configuration of epstopdf for MiKTeX
))
\c@mv@tabular=\count344
\c@mv@boldtabular=\count345
\c@lstlisting=\count346
Package hyperref Info: Link coloring ON on input line 200.
 (projekt.out) (projekt.out)
\@outlinefile=\write3
\openout3 = `projekt.out'.

LaTeX Font Info:    Trying to load font information for T1+qhv on input line 206.
 (C:\Users\vojta\AppData\Local\Programs\MiKTeX\tex/latex/tex-gyre\t1qhv.fd
File: t1qhv.fd 2009/09/25 v1.2 font definition file for T1/qhv
)
\@obrlogo=\box67
\@rtext=\box68
\@vyskartext=\skip83
\@sirkartext=\skip84
\@vyskaobr=\skip85
\@sirkaobr=\skip86
<template-fig/VUT_symbol_barevne_CMYK_CZ.pdf, id=132, 167.13641pt x 165.87971pt>
File: template-fig/VUT_symbol_barevne_CMYK_CZ.pdf Graphic file (type pdf)
<use template-fig/VUT_symbol_barevne_CMYK_CZ.pdf>
Package pdftex.def Info: template-fig/VUT_symbol_barevne_CMYK_CZ.pdf  used on input line 206.
(pdftex.def)             Requested size: 116.65646pt x 115.17995pt.
LaTeX Font Info:    Trying to load font information for T1+opensans-TLF on input line 206.
 (C:\Users\vojta\AppData\Local\Programs\MiKTeX\tex/latex/opensans\t1opensans-tlf.fd
File: T1opensans-TLF.fd 2019/06/24 Font definitions for T1/opensans-TLF.
)
LaTeX Font Info:    Font shape `T1/opensans-TLF/m/n' will be
(Font)              scaled to size 18.0pt on input line 206.
LaTeX Font Info:    Font shape `T1/opensans-TLF/b/n' will be
(Font)              scaled to size 18.0pt on input line 206.
LaTeX Font Info:    Font shape `T1/opensans-TLF/m/n' will be
(Font)              scaled to size 11.0pt on input line 206.
LaTeX Font Info:    Font shape `T1/opensans-TLF/b/n' will be
(Font)              scaled to size 11.0pt on input line 206.
LaTeX Font Info:    Font shape `T1/opensans-TLF/m/n' will be
(Font)              scaled to size 14.0pt on input line 206.
LaTeX Font Info:    Font shape `T1/opensans-TLF/b/n' will be
(Font)              scaled to size 14.0pt on input line 206.

Overfull \hbox (16.59912pt too wide) in paragraph at lines 206--206
\T1/opensans-TLF/b/n/18 LI-ÉEJE VE ZHOR-íE-N›CH SVÖ-TEL-N›CH POD-MÕN-K¡CH 
 []

LaTeX Font Info:    Font shape `T1/opensans-TLF/m/n' will be
(Font)              scaled to size 10.0pt on input line 206.
LaTeX Font Info:    Font shape `T1/opensans-TLF/b/n' will be
(Font)              scaled to size 10.0pt on input line 206.
[1

{C:/Users/vojta/AppData/Local/MiKTeX/fonts/map/pdftex/pdftex.map} <./template-fig/VUT_symbol_barevne_CMYK_CZ.pdf>] [2]
Overfull \hbox (10.67038pt too wide) in paragraph at lines 206--206
\T1/lmr/bx/n/18 TEKCI OB-LI-ÉEJE VE ZHOR-íE-N›CH SVÖ-TEL-
 []

[3] (projekt.toc<<ot1.cmap>><<oml.cmap>><<oms.cmap>><<omx.cmap>>
LaTeX Font Info:    Trying to load font information for U+msa on input line 4.
 (C:\Users\vojta\AppData\Local\Programs\MiKTeX\tex/latex/amsfonts\umsa.fd
File: umsa.fd 2013/01/14 v3.01 AMS symbols A
)
LaTeX Font Info:    Trying to load font information for U+msb on input line 4.
 (C:\Users\vojta\AppData\Local\Programs\MiKTeX\tex/latex/amsfonts\umsb.fd
File: umsb.fd 2013/01/14 v3.01 AMS symbols B
))
\tf@toc=\write4
\openout4 = `projekt.toc'.

 (text-prace.tex
pdfTeX warning (ext4): destination with the same identifier (name{page.1}) has been already used, duplicate ignored
<to be read again> 
                   \relax 
l.4 \chapter
            {√övod} [1


]
Kapitola 1.

pdfTeX warning (ext4): destination with the same identifier (name{page.2}) has been already used, duplicate ignored
<to be read again> 
                   \relax 
l.28 \chapter
             {Detekce obliƒçeje v~re√°ln√Ωch podm√≠nk√°ch} [2

]
Kapitola 2.

LaTeX Warning: Citation `fdReview' on page 3 undefined on input line 30.


LaTeX Warning: Citation `frReview' on page 3 undefined on input line 30.

LaTeX Font Info:    Trying to load font information for TS1+lmr on input line 34.
(C:\Users\vojta\AppData\Local\Programs\MiKTeX\tex/latex/lm\ts1lmr.fd
File: ts1lmr.fd 2015/05/01 v1.6.1 Font defs for Latin Modern
)
<obrazky-figures/fdexample.png, id=220, 1299.6555pt x 338.4645pt>
File: obrazky-figures/fdexample.png Graphic file (type png)
<use obrazky-figures/fdexample.png>
Package pdftex.def Info: obrazky-figures/fdexample.png  used on input line 48.
(pdftex.def)             Requested size: 1299.65234pt x 338.46367pt.

pdfTeX warning (ext4): destination with the same identifier (name{page.3}) has been already used, duplicate ignored
<to be read again> 
                   \relax 
l.53 
      [3

]

LaTeX Warning: Citation `fdReview' on page 4 undefined on input line 57.


LaTeX Warning: Citation `feature-based-fd-review' on page 4 undefined on input line 62.

<obrazky-figures/fddeleni.png, id=227, 329.43076pt x 178.86826pt>
File: obrazky-figures/fddeleni.png Graphic file (type png)
<use obrazky-figures/fddeleni.png>
Package pdftex.def Info: obrazky-figures/fddeleni.png  used on input line 65.
(pdftex.def)             Requested size: 329.42995pt x 178.86781pt.

LaTeX Warning: Citation `feature-based-fd-review' on page 4 undefined on input line 67.

[4 <./obrazky-figures/fdexample.png> <./obrazky-figures/fddeleni.png>]

LaTeX Warning: Citation `feature-based-fd-review' on page 5 undefined on input line 86.


LaTeX Warning: Citation `fdReview' on page 5 undefined on input line 86.

<obrazky-figures/fdproblems.png, id=241, 673.51625pt x 470.75874pt>
File: obrazky-figures/fdproblems.png Graphic file (type png)
<use obrazky-figures/fdproblems.png>
Package pdftex.def Info: obrazky-figures/fdproblems.png  used on input line 90.
(pdftex.def)             Requested size: 673.5146pt x 470.7576pt.

LaTeX Warning: Citation `frReview' on page 5 undefined on input line 92.


LaTeX Warning: Citation `frReview' on page 5 undefined on input line 92.

[5]

LaTeX Warning: Citation `emotionDetector' on page 6 undefined on input line 103.

[6 <./obrazky-figures/fdproblems.png>]
<obrazky-figures/illuminationexample.png, id=259, 432.4155pt x 111.41624pt>
File: obrazky-figures/illuminationexample.png Graphic file (type png)
<use obrazky-figures/illuminationexample.png>
Package pdftex.def Info: obrazky-figures/illuminationexample.png  used on input line 127.
(pdftex.def)             Requested size: 432.41444pt x 111.41597pt.


LaTeX Warning: Citation `feature-based-fd-review' on page 7 undefined on input line 129.


LaTeX Warning: Citation `localBinaryPatterns' on page 7 undefined on input line 138.


LaTeX Warning: Citation `localBinaryPatternsTests' on page 7 undefined on input line 138.

<obrazky-figures/lbp.png, id=262, 502.87875pt x 91.542pt>
File: obrazky-figures/lbp.png Graphic file (type png)
<use obrazky-figures/lbp.png>
Package pdftex.def Info: obrazky-figures/lbp.png  used on input line 143.
(pdftex.def)             Requested size: 502.87752pt x 91.54178pt.

LaTeX Warning: Citation `localBinaryPatterns' on page 7 undefined on input line 145.

[7 <./obrazky-figures/illuminationexample.png>]
<obrazky-figures/lbpPrimitives.png, id=277, 366.168pt x 221.02576pt>
File: obrazky-figures/lbpPrimitives.png Graphic file (type png)
<use obrazky-figures/lbpPrimitives.png>
Package pdftex.def Info: obrazky-figures/lbpPrimitives.png  used on input line 155.
(pdftex.def)             Requested size: 366.1671pt x 221.0252pt.


LaTeX Warning: Citation `localBinaryPatternsTests' on page 8 undefined on input line 157.


LaTeX Warning: Citation `violaJonesArticle' on page 8 undefined on input line 163.


LaTeX Warning: Citation `violaJones' on page 8 undefined on input line 163.


LaTeX Warning: Citation `violaJones' on page 8 undefined on input line 163.

<obrazky-figures/haarfeatures.png, id=281, 497.4585pt x 376.40625pt>
File: obrazky-figures/haarfeatures.png Graphic file (type png)
<use obrazky-figures/haarfeatures.png>
Package pdftex.def Info: obrazky-figures/haarfeatures.png  used on input line 169.
(pdftex.def)             Requested size: 497.45728pt x 376.40532pt.

LaTeX Warning: Citation `violaJonesArticle' on page 8 undefined on input line 172.


LaTeX Warning: Citation `violaJonesArticle' on page 8 undefined on input line 172.

[8 <./obrazky-figures/lbp.png> <./obrazky-figures/lbpPrimitives.png>]
<obrazky-figures/haarexample.png, id=293, 973.6375pt x 453.695pt>
File: obrazky-figures/haarexample.png Graphic file (type png)
<use obrazky-figures/haarexample.png>
Package pdftex.def Info: obrazky-figures/haarexample.png  used on input line 178.
(pdftex.def)             Requested size: 973.63512pt x 453.6939pt.


LaTeX Warning: Citation `violaJones' on page 9 undefined on input line 184.

<obrazky-figures/integralimage.png, id=297, 439.6425pt x 220.4235pt>
File: obrazky-figures/integralimage.png Graphic file (type png)
<use obrazky-figures/integralimage.png>
Package pdftex.def Info: obrazky-figures/integralimage.png  used on input line 189.
(pdftex.def)             Requested size: 439.64142pt x 220.42294pt.

LaTeX Warning: Citation `violaJonesArticle' on page 9 undefined on input line 191.


LaTeX Warning: Citation `violaJonesArticle' on page 9 undefined on input line 191.

[9 <./obrazky-figures/haarfeatures.png> <./obrazky-figures/haarexample.png>]

LaTeX Warning: Citation `hog' on page 10 undefined on input line 199.


LaTeX Warning: Citation `hog2' on page 10 undefined on input line 199.

<obrazky-figures/hogexample.png, id=306, 592.2125pt x 401.5pt>
File: obrazky-figures/hogexample.png Graphic file (type png)
<use obrazky-figures/hogexample.png>
Package pdftex.def Info: obrazky-figures/hogexample.png  used on input line 209.
(pdftex.def)             Requested size: 592.21104pt x 401.49901pt.

LaTeX Warning: Citation `hog2' on page 10 undefined on input line 211.


LaTeX Warning: Citation `hog2' on page 10 undefined on input line 211.

[10 <./obrazky-figures/integralimage.png>] [11 <./obrazky-figures/hogexample.png>]
Kapitola 3.

LaTeX Warning: Citation `deeplearningbook' on page 12 undefined on input line 226.


LaTeX Warning: Citation `ns1994' on page 12 undefined on input line 226.

[12

]
<obrazky-figures/perceptron.png, id=332, 995.72pt x 449.68pt>
File: obrazky-figures/perceptron.png Graphic file (type png)
<use obrazky-figures/perceptron.png>
Package pdftex.def Info: obrazky-figures/perceptron.png  used on input line 247.
(pdftex.def)             Requested size: 995.71758pt x 449.6789pt.


LaTeX Warning: Citation `deeplearningbook' on page 13 undefined on input line 254.

<obrazky-figures/nsexample.png, id=335, 1903.11pt x 957.5775pt>
File: obrazky-figures/nsexample.png Graphic file (type png)
<use obrazky-figures/nsexample.png>
Package pdftex.def Info: obrazky-figures/nsexample.png  used on input line 275.
(pdftex.def)             Requested size: 1903.10538pt x 957.57516pt.
[13 <./obrazky-figures/perceptron.png>]

LaTeX Warning: Citation `deeplearningbook' on page 14 undefined on input line 282.

[14 <./obrazky-figures/nsexample.png>]
<obrazky-figures/fitting.png, id=361, 2250.4075pt x 991.705pt>
File: obrazky-figures/fitting.png Graphic file (type png)
<use obrazky-figures/fitting.png>
Package pdftex.def Info: obrazky-figures/fitting.png  used on input line 305.
(pdftex.def)             Requested size: 2250.40204pt x 991.70259pt.
LaTeX Font Info:    Trying to load font information for T1+lmtt on input line 317.
 (C:\Users\vojta\AppData\Local\Programs\MiKTeX\tex/latex/lm\t1lmtt.fd
File: t1lmtt.fd 2015/05/01 v1.6.1 Font defs for Latin Modern
)
<obrazky-figures/celeba.png, id=364, 657.657pt x 225.84375pt>
File: obrazky-figures/celeba.png Graphic file (type png)
<use obrazky-figures/celeba.png>
Package pdftex.def Info: obrazky-figures/celeba.png  used on input line 321.
(pdftex.def)             Requested size: 657.6554pt x 225.84319pt.
 [15 <./obrazky-figures/fitting.png>]

LaTeX Warning: Citation `digiface1m' on page 16 undefined on input line 327.

<obrazky-figures/digiface.png, id=378, 665.48625pt x 115.02975pt>
File: obrazky-figures/digiface.png Graphic file (type png)
<use obrazky-figures/digiface.png>
Package pdftex.def Info: obrazky-figures/digiface.png  used on input line 331.
(pdftex.def)             Requested size: 665.48462pt x 115.02946pt.

LaTeX Warning: Citation `digiface1m' on page 16 undefined on input line 333.


LaTeX Warning: Citation `digiface1m' on page 16 undefined on input line 333.


LaTeX Warning: Citation `multipie' on page 16 undefined on input line 337.


LaTeX Warning: Citation `utkface' on page 16 undefined on input line 339.


LaTeX Warning: Citation `darkFace' on page 16 undefined on input line 342.


LaTeX Warning: Citation `fdReviewNS' on page 16 undefined on input line 348.

[16 <./obrazky-figures/celeba.png> <./obrazky-figures/digiface.png>]

LaTeX Warning: Citation `cnnNlp' on page 17 undefined on input line 359.


LaTeX Warning: Citation `cnnCv' on page 17 undefined on input line 359.


LaTeX Warning: Citation `cnnIntro' on page 17 undefined on input line 359.

<obrazky-figures/principkonvoluce.png, id=389, 1587.9325pt x 509.905pt>
File: obrazky-figures/principkonvoluce.png Graphic file (type png)
<use obrazky-figures/principkonvoluce.png>
Package pdftex.def Info: obrazky-figures/principkonvoluce.png  used on input line 365.
(pdftex.def)             Requested size: 1587.92863pt x 509.90375pt.
[17 <./obrazky-figures/principkonvoluce.png>]
<obrazky-figures/cnnpipeline.png, id=398, 781.92125pt x 212.795pt>
File: obrazky-figures/cnnpipeline.png Graphic file (type png)
<use obrazky-figures/cnnpipeline.png>
Package pdftex.def Info: obrazky-figures/cnnpipeline.png  used on input line 377.
(pdftex.def)             Requested size: 781.91934pt x 212.79446pt.


LaTeX Warning: Citation `cnnNlp' on page 18 undefined on input line 379.

<obrazky-figures/cnnpooling.png, id=402, 1174.3875pt x 732.7375pt>
File: obrazky-figures/cnnpooling.png Graphic file (type png)
<use obrazky-figures/cnnpooling.png>
Package pdftex.def Info: obrazky-figures/cnnpooling.png  used on input line 396.
(pdftex.def)             Requested size: 1174.38464pt x 732.73572pt.

LaTeX Warning: Citation `cnnCv' on page 18 undefined on input line 398.

[18 <./obrazky-figures/cnnpipeline.png>]

LaTeX Warning: Citation `fdCNNComparison' on page 19 undefined on input line 407.


LaTeX Warning: Citation `MTCNN' on page 19 undefined on input line 407.


LaTeX Warning: Citation `ssd' on page 19 undefined on input line 409.


LaTeX Warning: Citation `vgg-16' on page 19 undefined on input line 411.


LaTeX Warning: Citation `lowLightFdReview' on page 19 undefined on input line 413.


LaTeX Warning: Citation `yolo' on page 19 undefined on input line 415.


LaTeX Warning: Citation `fdCNNComparison' on page 19 undefined on input line 419.

[19 <./obrazky-figures/cnnpooling.png (PNG copy)>]
<obrazky-figures/cnncomparison.png, id=420, 398.6895pt x 129.48375pt>
File: obrazky-figures/cnncomparison.png Graphic file (type png)
<use obrazky-figures/cnncomparison.png>
Package pdftex.def Info: obrazky-figures/cnncomparison.png  used on input line 423.
(pdftex.def)             Requested size: 398.68852pt x 129.48341pt.


LaTeX Warning: Citation `fdCNNComparison' on page 20 undefined on input line 425.


LaTeX Warning: Citation `lowLightFdReview' on page 20 undefined on input line 432.

<obrazky-figures/iepostup.png, id=421, 904.37875pt x 61.22874pt>
File: obrazky-figures/iepostup.png Graphic file (type png)
<use obrazky-figures/iepostup.png>
Package pdftex.def Info: obrazky-figures/iepostup.png  used on input line 453.
(pdftex.def)             Requested size: 904.37656pt x 61.22858pt.

LaTeX Warning: Citation `lowLightFdReview' on page 20 undefined on input line 455.


LaTeX Warning: Citation `lowLightFdReview' on page 20 undefined on input line 455.

[20 <./obrazky-figures/cnncomparison.png>]

LaTeX Warning: Citation `lowLightFdReview' on page 21 undefined on input line 459.

<obrazky-figures/psnrssim.png, id=433, 416.757pt x 263.18324pt>
File: obrazky-figures/psnrssim.png Graphic file (type png)
<use obrazky-figures/psnrssim.png>
Package pdftex.def Info: obrazky-figures/psnrssim.png  used on input line 463.
(pdftex.def)             Requested size: 416.75598pt x 263.1826pt.

LaTeX Warning: Citation `lowLightFdReview' on page 21 undefined on input line 465.


LaTeX Warning: Citation `HLAFace' on page 21 undefined on input line 471.


LaTeX Warning: Citation `fdExtremelyLowConditions' on page 21 undefined on input line 473.


LaTeX Warning: Citation `HLAFace' on page 21 undefined on input line 475.


LaTeX Warning: Citation `fdExtremelyLowConditions' on page 21 undefined on input line 475.


LaTeX Warning: Citation `lowLightFdReview' on page 21 undefined on input line 475.

[21 <./obrazky-figures/iepostup.png> <./obrazky-figures/psnrssim.png>]

LaTeX Warning: Citation `nsFrameworks' on page 22 undefined on input line 479.

[22]
Kapitola 4.

LaTeX Warning: Citation `securityCamsWeb' on page 23 undefined on input line 515.


LaTeX Warning: Citation `suspectIdentification' on page 23 undefined on input line 524.


LaTeX Warning: Citation `securityCamsWeb2' on page 23 undefined on input line 539.

<obrazky-figures/nest-hello.png, id=447, 542.025pt x 303.38344pt>
File: obrazky-figures/nest-hello.png Graphic file (type png)
<use obrazky-figures/nest-hello.png>
Package pdftex.def Info: obrazky-figures/nest-hello.png  used on input line 543.
(pdftex.def)             Requested size: 542.02367pt x 303.38269pt.

LaTeX Warning: Citation `securityCamsWeb2' on page 23 undefined on input line 545.

[23

]

LaTeX Warning: Citation `faceRecognitionFrameworks' on page 24 undefined on input line 553.


LaTeX Warning: Citation `TinaFace' on page 24 undefined on input line 554.


LaTeX Warning: Citation `MTCNN' on page 24 undefined on input line 554.


LaTeX Warning: Citation `ncs2' on page 24 undefined on input line 560.


LaTeX Warning: Citation `coral' on page 24 undefined on input line 560.


LaTeX Warning: Citation `jetson' on page 24 undefined on input line 560.


LaTeX Warning: Citation `acceleratorsSurvey' on page 24 undefined on input line 562.

[24 <./obrazky-figures/nest-hello.png>]

LaTeX Warning: Citation `neurocube' on page 25 undefined on input line 571.


LaTeX Warning: Citation `tetris' on page 25 undefined on input line 571.


LaTeX Warning: Citation `ncs2' on page 25 undefined on input line 577.


LaTeX Warning: Citation `openvino' on page 25 undefined on input line 577.

<obrazky-figures/ncs2.png, id=462, 1284.8pt x 722.7pt>
File: obrazky-figures/ncs2.png Graphic file (type png)
<use obrazky-figures/ncs2.png>
Package pdftex.def Info: obrazky-figures/ncs2.png  used on input line 581.
(pdftex.def)             Requested size: 1284.79688pt x 722.69823pt.

LaTeX Warning: Citation `ncs2' on page 25 undefined on input line 583.


LaTeX Warning: Citation `ncs2testYolo' on page 25 undefined on input line 587.

<obrazky-figures/ncs2test.png, id=465, 844.95676pt x 254.1495pt>
File: obrazky-figures/ncs2test.png Graphic file (type png)
<use obrazky-figures/ncs2test.png>
Package pdftex.def Info: obrazky-figures/ncs2test.png  used on input line 597.
(pdftex.def)             Requested size: 844.9547pt x 254.14888pt.

LaTeX Warning: Citation `ncs2testYolo' on page 25 undefined on input line 599.


LaTeX Warning: Citation `ncs2testYolo' on page 25 undefined on input line 599.

[25 <./obrazky-figures/ncs2.png>]
<obrazky-figures/ovchart.png, id=476, 1927.2pt x 1084.05pt>
File: obrazky-figures/ovchart.png Graphic file (type png)
<use obrazky-figures/ovchart.png>
Package pdftex.def Info: obrazky-figures/ovchart.png  used on input line 611.
(pdftex.def)             Requested size: 1927.19533pt x 1084.04736pt.


LaTeX Warning: Citation `openvino' on page 26 undefined on input line 613.

[26 <./obrazky-figures/ncs2test.png> <./obrazky-figures/ovchart.png>]
Kapitola 5.

Underfull \hbox (badness 10000) in paragraph at lines 629--629
[][][][][]$\T1/lmtt/m/n/9 https : / / github\OML/cmm/m/it/9 :\T1/lmtt/m/n/9 com / tensorflow / models / blob / master / research / object[]detection / g3doc /
 []

[27

]

LaTeX Warning: Citation `annotace_formaty' on page 28 undefined on input line 649.

<obrazky-figures/annotation_formats.png, id=498, 1234.6125pt x 412.54124pt>
File: obrazky-figures/annotation_formats.png Graphic file (type png)
<use obrazky-figures/annotation_formats.png>
Package pdftex.def Info: obrazky-figures/annotation_formats.png  used on input line 655.
(pdftex.def)             Requested size: 1234.6095pt x 412.54024pt.
[28] [29 <./obrazky-figures/annotation_formats.png>]

LaTeX Warning: Citation `mirnet' on page 30 undefined on input line 686.

<obrazky-figures/mirnet_arch.png, id=522, 950.55125pt x 464.73625pt>
File: obrazky-figures/mirnet_arch.png Graphic file (type png)
<use obrazky-figures/mirnet_arch.png>
Package pdftex.def Info: obrazky-figures/mirnet_arch.png  used on input line 690.
(pdftex.def)             Requested size: 950.54893pt x 464.7351pt.
[30]
<obrazky-figures/loldataset.png, id=532, 1205.50375pt x 403.5075pt>
File: obrazky-figures/loldataset.png Graphic file (type png)
<use obrazky-figures/loldataset.png>
Package pdftex.def Info: obrazky-figures/loldataset.png  used on input line 699.
(pdftex.def)             Requested size: 1205.50082pt x 403.50652pt.
 [31 <./obrazky-figures/mirnet_arch.png> <./obrazky-figures/loldataset.png>] [32]
Kapitola 6.
<obrazky-figures/widerface_example.jpg, id=551, 1027.84pt x 642.4pt>
File: obrazky-figures/widerface_example.jpg Graphic file (type jpg)
<use obrazky-figures/widerface_example.jpg>
Package pdftex.def Info: obrazky-figures/widerface_example.jpg  used on input line 730.
(pdftex.def)             Requested size: 1027.8375pt x 642.39844pt.
[33

]
<obrazky-figures/augmentedexample.jpg, id=559, 1027.84pt x 642.4pt>
File: obrazky-figures/augmentedexample.jpg Graphic file (type jpg)
<use obrazky-figures/augmentedexample.jpg>
Package pdftex.def Info: obrazky-figures/augmentedexample.jpg  used on input line 755.
(pdftex.def)             Requested size: 1027.8375pt x 642.39844pt.
 [34 <./obrazky-figures/widerface_example.jpg>] [35 <./obrazky-figures/augmentedexample.jpg>] [36]
Kapitola 7.
[37

]
Kapitola 8.
)

No file projekt.bbl.
\c@ttl@toc@chapters=\count347
\tf@ptc=\write5
\openout5 = `projekt.ptc'.

[38

] (projekt.aux)

LaTeX Warning: There were undefined references.

Package rerunfilecheck Info: File `projekt.out' has not changed.
(rerunfilecheck)             Checksum: 9F56FD681276226BBA7D1E6706559261;5095.
 ) 
Here is how much of TeX's memory you used:
 16558 strings out of 475385
 270607 string characters out of 2776907
 637528 words of memory out of 3000000
 37342 multiletter control sequences out of 15000+600000
 553631 words of font info for 96 fonts, out of 8000000 for 9000
 1141 hyphenation exceptions out of 8191
 73i,10n,77p,1174b,567s stack positions out of 10000i,1000n,20000p,200000b,80000s
{C:/Users/vojta/AppData/Local/Programs/MiKTeX/fonts/enc/dvips/lm/lm-ec.enc}{C:/Users/vojta/AppData/Local/Programs/MiKTeX/fonts/enc/dvips/lm/lm-ts1.enc}{C:/Users/vojta/AppData/Local/Programs/MiKTeX/fonts/enc/dvips/opensans/a_jg4h6q.enc}<C:/Users/vojta/AppData/Local/Programs/MiKTeX/fonts/type1/ascender/opensans/OpenSans-Bold.pfb><C:/Users/vojta/AppData/Local/Programs/MiKTeX/fonts/type1/public/amsfonts/cm/cmex10.pfb><C:/Users/vojta/AppData/Local/Programs/MiKTeX/fonts/type1/public/amsfonts/cm/cmmi10.pfb><C:/Users/vojta/AppData/Local/Programs/MiKTeX/fonts/type1/public/amsfonts/cm/cmmi8.pfb><C:/Users/vojta/AppData/Local/Programs/MiKTeX/fonts/type1/public/amsfonts/cm/cmmi9.pfb><C:/Users/vojta/AppData/Local/Programs/MiKTeX/fonts/type1/public/amsfonts/cm/cmr10.pfb><C:/Users/vojta/AppData/Local/Programs/MiKTeX/fonts/type1/public/amsfonts/cm/cmr8.pfb><C:/Users/vojta/AppData/Local/Programs/MiKTeX/fonts/type1/public/amsfonts/cm/cmsy10.pfb><C:/Users/vojta/AppData/Local/Programs/MiKTeX/fonts/type1/public/amsfonts/cm/cmsy8.pfb><C:/Users/vojta/AppData/Local/Programs/MiKTeX/fonts/type1/public/lm/lmbx10.pfb><C:/Users/vojta/AppData/Local/Programs/MiKTeX/fonts/type1/public/lm/lmbx12.pfb><C:/Users/vojta/AppData/Local/Programs/MiKTeX/fonts/type1/public/lm/lmr10.pfb><C:/Users/vojta/AppData/Local/Programs/MiKTeX/fonts/type1/public/lm/lmr6.pfb><C:/Users/vojta/AppData/Local/Programs/MiKTeX/fonts/type1/public/lm/lmr8.pfb><C:/Users/vojta/AppData/Local/Programs/MiKTeX/fonts/type1/public/lm/lmri10.pfb><C:/Users/vojta/AppData/Local/Programs/MiKTeX/fonts/type1/public/lm/lmtt10.pfb><C:/Users/vojta/AppData/Local/Programs/MiKTeX/fonts/type1/public/lm/lmtt9.pfb>
Output written on projekt.pdf (41 pages, 7088882 bytes).
PDF statistics:
 698 PDF objects out of 1000 (max. 8388607)
 162 named destinations out of 1000 (max. 500000)
 438 words of extra memory for PDF output out of 10000 (max. 10000000)

